<?xml version="1.0" encoding="UTF-8"?>
<testsuite name="ru.nti.tehsystem.TehsystemApplicationTests" tests="1" skipped="0" failures="0" errors="0" timestamp="2021-04-24T08:04:49" hostname="Bkmz" time="0.074">
  <properties/>
  <testcase name="contextLoads()" classname="ru.nti.tehsystem.TehsystemApplicationTests" time="0.074"/>
  <system-out><![CDATA[13:04:41.790 [Test worker] DEBUG org.springframework.test.context.BootstrapUtils - Instantiating CacheAwareContextLoaderDelegate from class [org.springframework.test.context.cache.DefaultCacheAwareContextLoaderDelegate]
13:04:41.807 [Test worker] DEBUG org.springframework.test.context.BootstrapUtils - Instantiating BootstrapContext using constructor [public org.springframework.test.context.support.DefaultBootstrapContext(java.lang.Class,org.springframework.test.context.CacheAwareContextLoaderDelegate)]
13:04:41.843 [Test worker] DEBUG org.springframework.test.context.BootstrapUtils - Instantiating TestContextBootstrapper for test class [ru.nti.tehsystem.TehsystemApplicationTests] from class [org.springframework.boot.test.context.SpringBootTestContextBootstrapper]
13:04:41.856 [Test worker] INFO org.springframework.boot.test.context.SpringBootTestContextBootstrapper - Neither @ContextConfiguration nor @ContextHierarchy found for test class [ru.nti.tehsystem.TehsystemApplicationTests], using SpringBootContextLoader
13:04:41.861 [Test worker] DEBUG org.springframework.test.context.support.AbstractContextLoader - Did not detect default resource location for test class [ru.nti.tehsystem.TehsystemApplicationTests]: class path resource [ru/nti/tehsystem/TehsystemApplicationTests-context.xml] does not exist
13:04:41.861 [Test worker] DEBUG org.springframework.test.context.support.AbstractContextLoader - Did not detect default resource location for test class [ru.nti.tehsystem.TehsystemApplicationTests]: class path resource [ru/nti/tehsystem/TehsystemApplicationTestsContext.groovy] does not exist
13:04:41.861 [Test worker] INFO org.springframework.test.context.support.AbstractContextLoader - Could not detect default resource locations for test class [ru.nti.tehsystem.TehsystemApplicationTests]: no resource found for suffixes {-context.xml, Context.groovy}.
13:04:41.862 [Test worker] INFO org.springframework.test.context.support.AnnotationConfigContextLoaderUtils - Could not detect default configuration classes for test class [ru.nti.tehsystem.TehsystemApplicationTests]: TehsystemApplicationTests does not declare any static, non-private, non-final, nested classes annotated with @Configuration.
13:04:41.905 [Test worker] DEBUG org.springframework.test.context.support.ActiveProfilesUtils - Could not find an 'annotation declaring class' for annotation type [org.springframework.test.context.ActiveProfiles] and class [ru.nti.tehsystem.TehsystemApplicationTests]
13:04:41.968 [Test worker] DEBUG org.springframework.context.annotation.ClassPathScanningCandidateComponentProvider - Identified candidate component class: file [B:\TehSystemCity\build\classes\java\main\ru\nti\tehsystem\TehsystemApplication.class]
13:04:41.969 [Test worker] INFO org.springframework.boot.test.context.SpringBootTestContextBootstrapper - Found @SpringBootConfiguration ru.nti.tehsystem.TehsystemApplication for test class ru.nti.tehsystem.TehsystemApplicationTests
13:04:42.077 [Test worker] DEBUG org.springframework.boot.test.context.SpringBootTestContextBootstrapper - @TestExecutionListeners is not present for class [ru.nti.tehsystem.TehsystemApplicationTests]: using defaults.
13:04:42.077 [Test worker] INFO org.springframework.boot.test.context.SpringBootTestContextBootstrapper - Loaded default TestExecutionListener class names from location [META-INF/spring.factories]: [org.springframework.boot.test.autoconfigure.restdocs.RestDocsTestExecutionListener, org.springframework.boot.test.autoconfigure.web.client.MockRestServiceServerResetTestExecutionListener, org.springframework.boot.test.autoconfigure.web.servlet.MockMvcPrintOnlyOnFailureTestExecutionListener, org.springframework.boot.test.autoconfigure.web.servlet.WebDriverTestExecutionListener, org.springframework.boot.test.autoconfigure.webservices.client.MockWebServiceServerTestExecutionListener, org.springframework.boot.test.mock.mockito.MockitoTestExecutionListener, org.springframework.boot.test.mock.mockito.ResetMocksTestExecutionListener, org.springframework.test.context.web.ServletTestExecutionListener, org.springframework.test.context.support.DirtiesContextBeforeModesTestExecutionListener, org.springframework.test.context.event.ApplicationEventsTestExecutionListener, org.springframework.test.context.support.DependencyInjectionTestExecutionListener, org.springframework.test.context.support.DirtiesContextTestExecutionListener, org.springframework.test.context.transaction.TransactionalTestExecutionListener, org.springframework.test.context.jdbc.SqlScriptsTestExecutionListener, org.springframework.test.context.event.EventPublishingTestExecutionListener]
13:04:42.100 [Test worker] INFO org.springframework.boot.test.context.SpringBootTestContextBootstrapper - Using TestExecutionListeners: [org.springframework.test.context.web.ServletTestExecutionListener@2ae8816b, org.springframework.test.context.support.DirtiesContextBeforeModesTestExecutionListener@7c294bb5, org.springframework.test.context.event.ApplicationEventsTestExecutionListener@6865dfed, org.springframework.boot.test.mock.mockito.MockitoTestExecutionListener@44bc09f5, org.springframework.boot.test.autoconfigure.SpringBootDependencyInjectionTestExecutionListener@2a313bd0, org.springframework.test.context.support.DirtiesContextTestExecutionListener@1cf3a9c0, org.springframework.test.context.transaction.TransactionalTestExecutionListener@5a2f9704, org.springframework.test.context.jdbc.SqlScriptsTestExecutionListener@7e78de15, org.springframework.test.context.event.EventPublishingTestExecutionListener@5d3485b1, org.springframework.boot.test.autoconfigure.restdocs.RestDocsTestExecutionListener@5c888a7e, org.springframework.boot.test.autoconfigure.web.client.MockRestServiceServerResetTestExecutionListener@7ab9b15c, org.springframework.boot.test.autoconfigure.web.servlet.MockMvcPrintOnlyOnFailureTestExecutionListener@42894068, org.springframework.boot.test.autoconfigure.web.servlet.WebDriverTestExecutionListener@3be94c85, org.springframework.boot.test.autoconfigure.webservices.client.MockWebServiceServerTestExecutionListener@23aafafc, org.springframework.boot.test.mock.mockito.ResetMocksTestExecutionListener@142e9c84]
13:04:42.104 [Test worker] DEBUG org.springframework.test.context.support.AbstractDirtiesContextTestExecutionListener - Before test class: context [DefaultTestContext@5033ec4d testClass = TehsystemApplicationTests, testInstance = [null], testMethod = [null], testException = [null], mergedContextConfiguration = [WebMergedContextConfiguration@187f4cb1 testClass = TehsystemApplicationTests, locations = '{}', classes = '{class ru.nti.tehsystem.TehsystemApplication}', contextInitializerClasses = '[]', activeProfiles = '{}', propertySourceLocations = '{}', propertySourceProperties = '{org.springframework.boot.test.context.SpringBootTestContextBootstrapper=true}', contextCustomizers = set[org.springframework.boot.test.autoconfigure.actuate.metrics.MetricsExportContextCustomizerFactory$DisableMetricExportContextCustomizer@4badf940, org.springframework.boot.test.autoconfigure.properties.PropertyMappingContextCustomizer@0, org.springframework.boot.test.autoconfigure.web.servlet.WebDriverContextCustomizerFactory$Customizer@7a6a8b02, org.springframework.boot.test.context.filter.ExcludeFilterContextCustomizer@6c1f0a71, org.springframework.boot.test.json.DuplicateJsonObjectContextCustomizerFactory$DuplicateJsonObjectContextCustomizer@224cd169, org.springframework.boot.test.mock.mockito.MockitoContextCustomizer@0, org.springframework.boot.test.web.client.TestRestTemplateContextCustomizer@2f405a97, org.springframework.boot.test.context.SpringBootTestArgs@1, org.springframework.boot.test.context.SpringBootTestWebEnvironment@7f70a3ef], resourceBasePath = 'src/main/webapp', contextLoader = 'org.springframework.boot.test.context.SpringBootContextLoader', parent = [null]], attributes = map['org.springframework.test.context.web.ServletTestExecutionListener.activateListener' -> true]], class annotated with @DirtiesContext [false] with mode [null].
13:04:42.139 [Test worker] DEBUG org.springframework.test.context.support.TestPropertySourceUtils - Adding inlined properties to environment: {spring.jmx.enabled=false, org.springframework.boot.test.context.SpringBootTestContextBootstrapper=true}

  .   ____          _            __ _ _
 /\\ / ___'_ __ _ _(_)_ __  __ _ \ \ \ \
( ( )\___ | '_ | '_| | '_ \/ _` | \ \ \ \
 \\/  ___)| |_)| | | | | || (_| |  ) ) ) )
  '  |____| .__|_| |_|_| |_\__, | / / / /
 =========|_|==============|___/=/_/_/_/
 :: Spring Boot ::                (v2.4.5)

2021-04-24 13:04:42.415  INFO 13664 --- [    Test worker] r.n.tehsystem.TehsystemApplicationTests  : Starting TehsystemApplicationTests using Java 1.8.0_282 on Bkmz with PID 13664 (started by 48562 in B:\TehSystemCity)
2021-04-24 13:04:42.417  INFO 13664 --- [    Test worker] r.n.tehsystem.TehsystemApplicationTests  : No active profile set, falling back to default profiles: default
2021-04-24 13:04:43.130  INFO 13664 --- [    Test worker] .s.d.r.c.RepositoryConfigurationDelegate : Bootstrapping Spring Data JPA repositories in DEFAULT mode.
2021-04-24 13:04:43.220  INFO 13664 --- [    Test worker] .s.d.r.c.RepositoryConfigurationDelegate : Finished Spring Data repository scanning in 82 ms. Found 6 JPA repository interfaces.
2021-04-24 13:04:43.664  INFO 13664 --- [    Test worker] trationDelegate$BeanPostProcessorChecker : Bean 'org.springframework.security.access.expression.method.DefaultMethodSecurityExpressionHandler@4cefd1ac' of type [org.springframework.security.access.expression.method.DefaultMethodSecurityExpressionHandler] is not eligible for getting processed by all BeanPostProcessors (for example: not eligible for auto-proxying)
2021-04-24 13:04:43.678  INFO 13664 --- [    Test worker] trationDelegate$BeanPostProcessorChecker : Bean 'methodSecurityMetadataSource' of type [org.springframework.security.access.method.DelegatingMethodSecurityMetadataSource] is not eligible for getting processed by all BeanPostProcessors (for example: not eligible for auto-proxying)
2021-04-24 13:04:44.052  INFO 13664 --- [    Test worker] o.hibernate.jpa.internal.util.LogHelper  : HHH000204: Processing PersistenceUnitInfo [name: default]
2021-04-24 13:04:44.133  INFO 13664 --- [    Test worker] org.hibernate.Version                    : HHH000412: Hibernate ORM core version 5.4.30.Final
2021-04-24 13:04:44.316  INFO 13664 --- [    Test worker] o.hibernate.annotations.common.Version   : HCANN000001: Hibernate Commons Annotations {5.1.2.Final}
2021-04-24 13:04:44.436  INFO 13664 --- [    Test worker] com.zaxxer.hikari.HikariDataSource       : HikariPool-1 - Starting...
2021-04-24 13:04:44.693  INFO 13664 --- [    Test worker] com.zaxxer.hikari.HikariDataSource       : HikariPool-1 - Start completed.
2021-04-24 13:04:44.721  INFO 13664 --- [    Test worker] org.hibernate.dialect.Dialect            : HHH000400: Using dialect: org.hibernate.dialect.PostgreSQL10Dialect
2021-04-24 13:04:45.916  INFO 13664 --- [    Test worker] o.h.e.t.j.p.i.JtaPlatformInitiator       : HHH000490: Using JtaPlatform implementation: [org.hibernate.engine.transaction.jta.platform.internal.NoJtaPlatform]
2021-04-24 13:04:45.926  INFO 13664 --- [    Test worker] j.LocalContainerEntityManagerFactoryBean : Initialized JPA EntityManagerFactory for persistence unit 'default'
file:///B:/TehSystemCity/externalResources
2021-04-24 13:04:48.328  INFO 13664 --- [    Test worker] o.s.s.web.DefaultSecurityFilterChain     : Will secure any request with [org.springframework.security.web.context.request.async.WebAsyncManagerIntegrationFilter@7035724a, org.springframework.security.web.context.SecurityContextPersistenceFilter@35abd269, org.springframework.security.web.header.HeaderWriterFilter@74890bd0, org.springframework.security.web.authentication.logout.LogoutFilter@3933f8c6, org.springframework.security.web.authentication.UsernamePasswordAuthenticationFilter@6294b7b4, org.springframework.security.web.authentication.www.BasicAuthenticationFilter@4f327d54, org.springframework.security.web.savedrequest.RequestCacheAwareFilter@1b8b693e, org.springframework.security.web.servletapi.SecurityContextHolderAwareRequestFilter@19140283, org.springframework.security.web.authentication.AnonymousAuthenticationFilter@531d08a9, org.springframework.security.web.session.SessionManagementFilter@4c8d8ff4, org.springframework.security.web.access.ExceptionTranslationFilter@35027946, org.springframework.security.web.access.intercept.FilterSecurityInterceptor@5813b322]
2021-04-24 13:04:49.237  INFO 13664 --- [    Test worker] r.n.tehsystem.TehsystemApplicationTests  : Started TehsystemApplicationTests in 7.091 seconds (JVM running for 8.521)
]]></system-out>
  <system-err><![CDATA[]]></system-err>
</testsuite>
